<?xml version="1.0" encoding="UTF-8"?>
<!-- Generated by org.testng.reporters.JUnitReportReporter -->
<testsuite hostname="DESKTOP-IH2TBC9" failures="0" tests="3" name="Task.helperAttributes" time="0.006" errors="0" timestamp="2024-07-15T21:31:24 IST" skipped="0">
  <testcase classname="Task.helperAttributes" name="logout" time="0.005"/>
  <system-out>
    <![CDATA[user has successfully logged out]]>
  </system-out>
  <testcase classname="Task.helperAttributes" name="addCart" time="0.001"/>
  <system-out>
    <![CDATA[user has able to add a product to the cart]]>
  </system-out>
  <testcase classname="Task.helperAttributes" name="login" time="0.000"/>
  <system-out>
    <![CDATA[user has to login in to the application]]>
  </system-out>
</testsuite> <!-- Task.helperAttributes -->
