<?xml version="1.0" encoding="UTF-8"?>
<!-- Generated by org.testng.reporters.JUnitReportReporter -->
<testsuite hostname="DESKTOP-IH2TBC9" failures="0" tests="1" name="Scripts_VTiger.Script2_Test" time="26.329" errors="0" timestamp="2024-07-16T16:25:34 IST" skipped="0">
  <testcase classname="Scripts_VTiger.Script2_Test" name="script2" time="26.329"/>
  <system-out/>
</testsuite> <!-- Scripts_VTiger.Script2_Test -->
