<?xml version="1.0" encoding="UTF-8"?>
<!-- Generated by org.testng.reporters.JUnitReportReporter -->
<testsuite hostname="DESKTOP-IH2TBC9" failures="0" tests="2" name="TestNg_topics.DataProviderProgram" time="0.010" errors="0" timestamp="2024-07-10T14:33:44 IST" skipped="0">
  <testcase classname="TestNg_topics.DataProviderProgram" name="details" time="0.002"/>
  <system-out>
    <![CDATA[chashvika
B+
chashvika@gmail.com]]>
  </system-out>
  <testcase classname="TestNg_topics.DataProviderProgram" name="details" time="0.008"/>
  <system-out>
    <![CDATA[urvi
O+
urvi@gmail.com]]>
  </system-out>
</testsuite> <!-- TestNg_topics.DataProviderProgram -->
