<?xml version="1.0" encoding="UTF-8"?>
<!-- Generated by org.testng.reporters.JUnitReportReporter -->
<testsuite hostname="DESKTOP-IH2TBC9" failures="0" tests="1" name="Scripts_VTiger.Script5_Test" time="18.123" errors="0" timestamp="2024-07-16T16:42:48 IST" skipped="0">
  <testcase classname="Scripts_VTiger.Script5_Test" name="script5" time="18.123"/>
  <system-out/>
</testsuite> <!-- Scripts_VTiger.Script5_Test -->
