<?xml version="1.0" encoding="UTF-8"?>
<!-- Generated by org.testng.reporters.JUnitReportReporter -->
<testsuite hostname="DESKTOP-IH2TBC9" failures="0" tests="8" name="helper_Attributes.Learning_ThreadPoolSize" time="207.153" errors="0" timestamp="2024-07-02T15:36:57 IST" skipped="0">
  <testcase classname="helper_Attributes.Learning_ThreadPoolSize" name="launch3" time="12.788"/>
  <system-out/>
  <testcase classname="helper_Attributes.Learning_ThreadPoolSize" name="launch3" time="12.583"/>
  <system-out/>
  <testcase classname="helper_Attributes.Learning_ThreadPoolSize" name="launch" time="16.793"/>
  <system-out/>
  <testcase classname="helper_Attributes.Learning_ThreadPoolSize" name="launch2" time="43.441"/>
  <system-out/>
  <testcase classname="helper_Attributes.Learning_ThreadPoolSize" name="launch" time="15.107"/>
  <system-out/>
  <testcase classname="helper_Attributes.Learning_ThreadPoolSize" name="launch" time="10.906"/>
  <system-out/>
  <testcase classname="helper_Attributes.Learning_ThreadPoolSize" name="launch2" time="52.713"/>
  <system-out/>
  <testcase classname="helper_Attributes.Learning_ThreadPoolSize" name="launch2" time="42.822"/>
  <system-out/>
</testsuite> <!-- helper_Attributes.Learning_ThreadPoolSize -->
