<?xml version="1.0" encoding="UTF-8"?>
<!-- Generated by org.testng.reporters.JUnitReportReporter -->
<testsuite hostname="DESKTOP-IH2TBC9" failures="0" tests="3" name="helper_Attributes.LearningPriority" time="0.011" errors="0" timestamp="2024-07-15T21:30:55 IST" skipped="0">
  <testcase classname="helper_Attributes.LearningPriority" name="logout" time="0.009"/>
  <system-out>
    <![CDATA[user has logged out]]>
  </system-out>
  <testcase classname="helper_Attributes.LearningPriority" name="addToCart" time="0.002"/>
  <system-out>
    <![CDATA[user has added product to the cart]]>
  </system-out>
  <testcase classname="helper_Attributes.LearningPriority" name="login" time="0.000"/>
  <system-out>
    <![CDATA[user has succesfully logged in]]>
  </system-out>
</testsuite> <!-- helper_Attributes.LearningPriority -->
