<?xml version="1.0" encoding="UTF-8"?>
<!-- Generated by org.testng.reporters.JUnitReportReporter -->
<testsuite hostname="DESKTOP-IH2TBC9" failures="0" tests="3" name="helper_Attributes.Learning_DependsOnMethod" time="0.008" errors="0" timestamp="2024-07-13T14:53:57 IST" skipped="0">
  <testcase classname="helper_Attributes.Learning_DependsOnMethod" name="login" time="0.006"/>
  <system-out>
    <![CDATA[user has login to the app]]>
  </system-out>
  <testcase classname="helper_Attributes.Learning_DependsOnMethod" name="addToCart" time="0.001"/>
  <system-out>
    <![CDATA[user has to added product into the cart]]>
  </system-out>
  <testcase classname="helper_Attributes.Learning_DependsOnMethod" name="logout" time="0.001"/>
  <system-out>
    <![CDATA[user has to logout from app]]>
  </system-out>
</testsuite> <!-- helper_Attributes.Learning_DependsOnMethod -->
