<?xml version="1.0" encoding="UTF-8"?>
<!-- Generated by org.testng.reporters.JUnitReportReporter -->
<testsuite hostname="DESKTOP-IH2TBC9" failures="0" tests="1" name="Scripts_VTiger.Script1_Test" time="62.929" errors="0" timestamp="2025-03-06T11:35:52 IST" skipped="0">
  <testcase classname="Scripts_VTiger.Script1_Test" name="script1" time="62.929"/>
  <system-out/>
</testsuite> <!-- Scripts_VTiger.Script1_Test -->
