<?xml version="1.0" encoding="UTF-8"?>
<!-- Generated by org.testng.reporters.JUnitReportReporter -->
<testsuite hostname="DESKTOP-IH2TBC9" failures="0" tests="1" name="TestNg_topics.LearningCrossBrowserTesting" time="5.570" errors="0" timestamp="2024-07-15T21:01:07 IST" skipped="0">
  <testcase classname="TestNg_topics.LearningCrossBrowserTesting" name="launch" time="5.570"/>
  <system-out/>
</testsuite> <!-- TestNg_topics.LearningCrossBrowserTesting -->
