<?xml version="1.0" encoding="UTF-8"?>
<!-- Generated by org.testng.reporters.JUnitReportReporter -->
<testsuite hostname="DESKTOP-IH2TBC9" failures="0" tests="1" name="Scripts_VTiger.Script3_Test" time="14.533" errors="0" timestamp="2024-07-16T16:37:08 IST" skipped="0">
  <testcase classname="Scripts_VTiger.Script3_Test" name="script3" time="14.533"/>
  <system-out/>
</testsuite> <!-- Scripts_VTiger.Script3_Test -->
