<?xml version="1.0" encoding="UTF-8"?>
<!-- Generated by org.testng.reporters.JUnitReportReporter -->
<testsuite hostname="DESKTOP-IH2TBC9" failures="0" tests="1" name="Scripts_VTiger.Script1_Test" time="17.121" errors="0" timestamp="2024-07-16T16:07:19 IST" skipped="0">
  <testcase classname="Scripts_VTiger.Script1_Test" name="script1" time="17.121"/>
  <system-out/>
</testsuite> <!-- Scripts_VTiger.Script1_Test -->
