<?xml version="1.0" encoding="UTF-8"?>
<!-- Generated by org.testng.reporters.JUnitReportReporter -->
<testsuite hostname="DESKTOP-IH2TBC9" failures="0" tests="7" name="helper_Attributes.Learning_invocationCount" time="53.622" errors="0" timestamp="2024-07-02T15:12:39 IST" skipped="0">
  <testcase classname="helper_Attributes.Learning_invocationCount" name="meesho" time="7.387"/>
  <system-out>
    <![CDATA[testng]]>
  </system-out>
  <testcase classname="helper_Attributes.Learning_invocationCount" name="meesho" time="5.794"/>
  <system-out>
    <![CDATA[testng]]>
  </system-out>
  <testcase classname="helper_Attributes.Learning_invocationCount" name="launch" time="8.871"/>
  <system-out/>
  <testcase classname="helper_Attributes.Learning_invocationCount" name="launch" time="9.318"/>
  <system-out/>
  <testcase classname="helper_Attributes.Learning_invocationCount" name="launch" time="13.188"/>
  <system-out/>
  <testcase classname="helper_Attributes.Learning_invocationCount" name="qtalk" time="4.785"/>
  <system-out/>
  <testcase classname="helper_Attributes.Learning_invocationCount" name="qtalk" time="4.279"/>
  <system-out/>
</testsuite> <!-- helper_Attributes.Learning_invocationCount -->
